<?xml version="1.0" encoding="UTF-8"?>
<testsuite name="Tests" tests="1" skipped="0" failures="0" errors="0" timestamp="2021-12-06T16:59:09" hostname="KAORI" time="3.969">
  <properties/>
  <testcase name="start" classname="Tests" time="3.969"/>
  <system-out><![CDATA[?[1;31m
Start test 1?[0m

  .   ____          _            __ _ _
 /\\ / ___'_ __ _ _(_)_ __  __ _ \ \ \ \
( ( )\___ | '_ | '_| | '_ \/ _` | \ \ \ \
 \\/  ___)| |_)| | | | | || (_| |  ) ) ) )
  '  |____| .__|_| |_|_| |_\__, | / / / /
 =========|_|==============|___/=/_/_/_/
 :: Spring Boot ::        (v2.3.1.RELEASE)

2021-12-06 16:59:10.071  INFO 10472 --- [    Test worker] task.Main                                : Starting Main on Kaori with PID 10472 (started by alexr in C:\Users\alexr\dev\hyperskill\Cinema Room REST Service\Topics\Posting and deleting data via REST\Deleting items)
2021-12-06 16:59:10.071  INFO 10472 --- [    Test worker] task.Main                                : No active profile set, falling back to default profiles: default
2021-12-06 16:59:11.670  INFO 10472 --- [    Test worker] o.s.b.w.embedded.tomcat.TomcatWebServer  : Tomcat initialized with port(s): 28852 (http)
2021-12-06 16:59:11.686  INFO 10472 --- [    Test worker] o.apache.catalina.core.StandardService   : Starting service [Tomcat]
2021-12-06 16:59:11.686  INFO 10472 --- [    Test worker] org.apache.catalina.core.StandardEngine  : Starting Servlet engine: [Apache Tomcat/9.0.36]
2021-12-06 16:59:11.826  INFO 10472 --- [    Test worker] o.a.c.c.C.[Tomcat].[localhost].[/]       : Initializing Spring embedded WebApplicationContext
2021-12-06 16:59:11.826  INFO 10472 --- [    Test worker] w.s.c.ServletWebServerApplicationContext : Root WebApplicationContext: initialization completed in 1693 ms
2021-12-06 16:59:12.201  INFO 10472 --- [    Test worker] o.s.s.concurrent.ThreadPoolTaskExecutor  : Initializing ExecutorService 'applicationTaskExecutor'
2021-12-06 16:59:12.576  INFO 10472 --- [    Test worker] o.s.b.a.e.web.EndpointLinksResolver      : Exposing 14 endpoint(s) beneath base path '/actuator'
2021-12-06 16:59:12.638  INFO 10472 --- [    Test worker] o.s.b.w.embedded.tomcat.TomcatWebServer  : Tomcat started on port(s): 28852 (http) with context path ''
2021-12-06 16:59:12.654  INFO 10472 --- [    Test worker] task.Main                                : Started Main in 2.995 seconds (JVM running for 3.777)
2021-12-06 16:59:13.117  INFO 10472 --- [io-28852-exec-1] o.a.c.c.C.[Tomcat].[localhost].[/]       : Initializing Spring DispatcherServlet 'dispatcherServlet'
2021-12-06 16:59:13.117  INFO 10472 --- [io-28852-exec-1] o.s.web.servlet.DispatcherServlet        : Initializing Servlet 'dispatcherServlet'
2021-12-06 16:59:13.133  INFO 10472 --- [io-28852-exec-1] o.s.web.servlet.DispatcherServlet        : Completed initialization in 16 ms
?[1;31m
Start test 2?[0m
?[1;31m
Start test 3?[0m
?[1;31m
Start test 4?[0m
?[1;31m
Start test 5?[0m
?[1;31m
Start test 6?[0m
?[1;31m
Start test 7?[0m
?[1;31m
Start test 8?[0m
?[1;31m
Start test 9?[0m
?[1;31m
Start test 10?[0m
?[1;31m
Start test 11?[0m
?[1;31m
Start test 12?[0m
?[1;31m
Start test 13?[0m
?[1;31m
Start test 14?[0m
?[1;31m
Start test 15?[0m
?[1;31m
Start test 16?[0m
?[1;31m
Start test 17?[0m
]]></system-out>
  <system-err><![CDATA[]]></system-err>
</testsuite>
